<?xml version="1.0" encoding="UTF-8"?>
<!-- Generated by org.testng.reporters.JUnitReportReporter -->
<testsuite skipped="0" hostname="TAG" name="module.PartB_TWO" tests="2" failures="0" timestamp="2020-09-02T01:38:38 IST" time="0.010" errors="0">
  <testcase name="testA" time="0.006" classname="module.PartB_TWO"/>
  <system-out/>
  <testcase name="testB" time="0.004" classname="module.PartB_TWO"/>
  <system-out/>
</testsuite> <!-- module.PartB_TWO -->
