<?xml version="1.0" encoding="UTF-8"?>
<!-- Generated by org.testng.reporters.JUnitReportReporter -->
<testsuite skipped="0" hostname="TAG" name="module.PartA" tests="1" failures="0" timestamp="2020-09-02T23:26:52 IST" time="39.427" errors="0">
  <testcase name="test" time="39.427" classname="module.PartA"/>
  <system-out/>
</testsuite> <!-- module.PartA -->
