<?xml version="1.0" encoding="UTF-8"?>
<!-- Generated by org.testng.reporters.JUnitReportReporter -->
<testsuite skipped="0" hostname="TAG" name="module.PARTA" tests="1" failures="0" timestamp="2020-09-02T02:41:56 IST" time="0.006" errors="0">
  <testcase name="test1" time="0.006" classname="module.PARTA"/>
  <system-out/>
</testsuite> <!-- module.PARTA -->
